<?xml version="1.0" encoding="UTF-8"?>
<!-- Generated by org.testng.reporters.JUnitXMLReporter -->
<testsuite hostname="Kari" ignored="1" name="seq" tests="2" failures="0" timestamp="2023-05-15T19:23:19 IST" time="31.423" errors="0">
  <testcase name="createNewFA" time="25.087" classname="testcases.NewProudctCreation"/>
  <testcase name="addProducts" time="1.44" classname="testcases.AddProduct"/>
  <testcase name="@BeforeTest preCondition" time="0.0" classname="base.ProjectSpecificMethods">
    <ignored/>
  </testcase> <!-- @BeforeTest preCondition -->
</testsuite> <!-- seq -->
