<?xml version="1.0" encoding="UTF-8"?>
<!-- Generated by org.testng.reporters.JUnitXMLReporter -->
<testsuite hostname="Kari" ignored="2" name="Smoke Test cases" tests="2" failures="1" timestamp="2023-05-15T15:22:11 IST" time="14.151" errors="0">
  <testcase name="verifyLogin" time="14.106" classname="testcases.Login"/>
  <testcase name="createNewFA" time="0.001" classname="testcases.NewProudctCreation">
    <failure type="java.lang.NullPointerException">
      <![CDATA[java.lang.NullPointerException
at pages.DashBoardPage.switchToFamTab(FacPage.java:19)
at testcases.NewProudctCreation.createNewFA(NewFaCreation.java:16)
at java.util.ArrayList.forEach(ArrayList.java:1259)
... Removed 27 stack frames]]>
    </failure>
  </testcase> <!-- createNewFA -->
  <testcase name="@AfterSuite postCondition" time="0.0" classname="base.ProjectSpecificMethods">
    <ignored/>
  </testcase> <!-- @AfterSuite postCondition -->
  <testcase name="@BeforeSuite preCondition" time="0.0" classname="base.ProjectSpecificMethods">
    <ignored/>
  </testcase> <!-- @BeforeSuite preCondition -->
</testsuite> <!-- Smoke Test cases -->
